<?xml version="1.0" encoding="UTF-8"?>
<!-- Generated by org.testng.reporters.JUnitXMLReporter -->
<testsuite ignored="0" hostname="DESKTOP-N0RAFIJ" failures="0" tests="3" name="Default test" time="0.061" errors="0" timestamp="07 Aug 2019 07:04:27 GMT">
  <testcase classname="testTutorial.Demo3" name="APILoginCarloan" time="0.015"/>
  <testcase classname="testTutorial.Demo3" name="mobileLoginCarloan" time="0.002"/>
  <testcase classname="testTutorial.Demo3" name="webLoginCarLoan" time="0.003"/>
</testsuite> <!-- Default test -->
