<?xml version="1.0" encoding="UTF-8"?>
<!-- Generated by org.testng.reporters.JUnitXMLReporter -->
<testsuite ignored="9" hostname="DESKTOP-N0RAFIJ" failures="0" tests="3" name="Regression" time="0.077" errors="0" timestamp="07 Aug 2019 06:47:11 GMT">
  <testcase classname="testTutorial.Demo2" name="Case3" time="0.014"/>
  <testcase classname="testTutorial.Demo3" name="APILoginCarloan" time="0.006"/>
  <testcase classname="testTutorial.Demo4" name="webLoginHomeLoan" time="0.008"/>
  <testcase classname="testTutorial.Demo1" name="SecondCase" time="0.0">
    <ignored/>
  </testcase> <!-- SecondCase -->
  <testcase classname="testTutorial.Demo4" name="mobilesignupHomeloan" time="0.0">
    <ignored/>
  </testcase> <!-- mobilesignupHomeloan -->
  <testcase classname="testTutorial.Demo4" name="mobileSigninHomeloan" time="0.0">
    <ignored/>
  </testcase> <!-- mobileSigninHomeloan -->
  <testcase classname="testTutorial.Demo4" name="mobileLoginHomeloan" time="0.0">
    <ignored/>
  </testcase> <!-- mobileLoginHomeloan -->
  <testcase classname="testTutorial.Demo1" name="Case" time="0.0">
    <ignored/>
  </testcase> <!-- Case -->
  <testcase classname="testTutorial.Demo3" name="webLoginCarLoan" time="0.0">
    <ignored/>
  </testcase> <!-- webLoginCarLoan -->
  <testcase classname="testTutorial.Demo4" name="mobiletestloan" time="0.0">
    <ignored/>
  </testcase> <!-- mobiletestloan -->
  <testcase classname="testTutorial.Demo3" name="mobileLoginCarloan" time="0.0">
    <ignored/>
  </testcase> <!-- mobileLoginCarloan -->
  <testcase classname="testTutorial.Demo4" name="APILoginHomeloan" time="0.0">
    <ignored/>
  </testcase> <!-- APILoginHomeloan -->
</testsuite> <!-- Regression -->
