<?xml version="1.0" encoding="UTF-8"?>
<!-- Generated by org.testng.reporters.JUnitXMLReporter -->
<testsuite ignored="1" hostname="DESKTOP-N0RAFIJ" failures="0" tests="5" name="Test1" time="0.065" errors="0" timestamp="06 Aug 2019 08:51:40 GMT">
  <testcase classname="testTutorial.Demo1" name="Case" time="0.013"/>
  <testcase classname="testTutorial.Demo2" name="Case3" time="0.004"/>
  <testcase classname="testTutorial.Demo3" name="APILoginCarloan" time="0.003"/>
  <testcase classname="testTutorial.Demo3" name="mobileLoginCarloan" time="0.002"/>
  <testcase classname="testTutorial.Demo3" name="webLoginCarLoan" time="0.002"/>
  <testcase classname="testTutorial.Demo1" name="SecondCase" time="0.0">
    <ignored/>
  </testcase> <!-- SecondCase -->
</testsuite> <!-- Test1 -->
