<?xml version="1.0" encoding="UTF-8"?>
<!-- Generated by org.testng.reporters.JUnitXMLReporter -->
<testsuite ignored="0" hostname="DESKTOP-N0RAFIJ" failures="0" tests="12" name="Test2" time="0.101" errors="0" timestamp="06 Aug 2019 09:39:34 GMT">
  <testcase classname="testTutorial.Demo1" name="Case" time="0.017"/>
  <testcase classname="testTutorial.Demo1" name="SecondCase" time="0.003"/>
  <testcase classname="testTutorial.Demo2" name="Case3" time="0.003"/>
  <testcase classname="testTutorial.Demo3" name="APILoginCarloan" time="0.003"/>
  <testcase classname="testTutorial.Demo3" name="mobileLoginCarloan" time="0.002"/>
  <testcase classname="testTutorial.Demo3" name="webLoginCarLoan" time="0.002"/>
  <testcase classname="testTutorial.Demo4" name="APILoginHomeloan" time="0.002"/>
  <testcase classname="testTutorial.Demo4" name="mobileLoginHomeloan" time="0.002"/>
  <testcase classname="testTutorial.Demo4" name="mobileSigninHomeloan" time="0.002"/>
  <testcase classname="testTutorial.Demo4" name="mobilesignupHomeloan" time="0.002"/>
  <testcase classname="testTutorial.Demo4" name="mobiletestloan" time="0.002"/>
  <testcase classname="testTutorial.Demo4" name="webLoginHomeLoan" time="0.001"/>
</testsuite> <!-- Test2 -->
